<?xml version="1.0" encoding="UTF-8"?>
<!-- Generated by org.testng.reporters.JUnitXMLReporter -->
<testsuite ignored="0" hostname="TYSS-Shobha" failures="1" tests="1" name="Test" time="14.587" errors="0" timestamp="2022-08-09T13:35:09 IST">
  <testcase classname="com.crm.Sdet.organization.CreateOrganizationTest" name="createOrganization" time="9.704">
    <failure type="java.lang.AssertionError" message="expected [true] but found [false]">
      <![CDATA[java.lang.AssertionError: expected [true] but found [false]
at com.crm.Sdet.organization.CreateOrganizationTest.createOrganization(CreateOrganizationTest.java:69)
at java.base/java.util.ArrayList.forEach(ArrayList.java:1511)
... Removed 33 stack frames]]>
    </failure>
  </testcase> <!-- createOrganization -->
</testsuite> <!-- Test -->
